<?xml version="1.0" encoding="UTF-8" ?>
<testsuite tests="4" failures="0" name="com.traductor.traductor.TraductorTest" time="0.004" errors="0" skipped="0">
  <properties>
[...]
</properties>
  <testcase classname="com.traductor.traductor.TraductorTest" name="given_parameters_when_add_then_addition[0]" time="0.004"/>
  <testcase classname="com.traductor.traductor.TraductorTest" name="given_parameters_when_add_then_addition[1]" time="0"/>
  <testcase classname="com.traductor.traductor.TraductorTest" name="given_parameters_when_add_then_addition[2]" time="0"/>
  <testcase classname="com.traductor.traductor.TraductorTest" name="given_parameters_when_add_then_addition[3]" time="0"/>
</testsuite>